{"/Users/danielxx/Documents/GitHub/AirlineBookingSystemT4FrontEnd/src/pages/FlightDetailsPage.jsx": {"path":"/Users/danielxx/Documents/GitHub/AirlineBookingSystemT4FrontEnd/src/pages/FlightDetailsPage.jsx","statementMap":{"0":{"start":{"line":31,"column":20},"end":{"line":36,"column":3}},"1":{"start":{"line":31,"column":50},"end":{"line":36,"column":1}},"2":{"start":{"line":38,"column":26},"end":{"line":611,"column":1}},"3":{"start":{"line":39,"column":23},"end":{"line":39,"column":34}},"4":{"start":{"line":40,"column":19},"end":{"line":40,"column":32}},"5":{"start":{"line":41,"column":38},"end":{"line":41,"column":49}},"6":{"start":{"line":42,"column":44},"end":{"line":42,"column":58}},"7":{"start":{"line":43,"column":36},"end":{"line":43,"column":50}},"8":{"start":{"line":44,"column":28},"end":{"line":44,"column":40}},"9":{"start":{"line":45,"column":40},"end":{"line":45,"column":52}},"10":{"start":{"line":48,"column":44},"end":{"line":56,"column":4}},"11":{"start":{"line":59,"column":40},"end":{"line":64,"column":4}},"12":{"start":{"line":66,"column":2},"end":{"line":110,"column":27}},"13":{"start":{"line":68,"column":18},"end":{"line":68,"column":47}},"14":{"start":{"line":69,"column":4},"end":{"line":72,"column":5}},"15":{"start":{"line":70,"column":6},"end":{"line":70,"column":25}},"16":{"start":{"line":71,"column":6},"end":{"line":71,"column":13}},"17":{"start":{"line":75,"column":4},"end":{"line":75,"column":23}},"18":{"start":{"line":78,"column":4},"end":{"line":109,"column":12}},"19":{"start":{"line":79,"column":32},"end":{"line":105,"column":7}},"20":{"start":{"line":107,"column":6},"end":{"line":107,"column":42}},"21":{"start":{"line":108,"column":6},"end":{"line":108,"column":26}},"22":{"start":{"line":112,"column":21},"end":{"line":119,"column":3}},"23":{"start":{"line":113,"column":4},"end":{"line":118,"column":5}},"24":{"start":{"line":115,"column":6},"end":{"line":115,"column":29}},"25":{"start":{"line":117,"column":6},"end":{"line":117,"column":48}},"26":{"start":{"line":117,"column":34},"end":{"line":117,"column":46}},"27":{"start":{"line":121,"column":36},"end":{"line":124,"column":3}},"28":{"start":{"line":123,"column":4},"end":{"line":123,"column":27}},"29":{"start":{"line":126,"column":21},"end":{"line":128,"column":3}},"30":{"start":{"line":127,"column":4},"end":{"line":127,"column":46}},"31":{"start":{"line":127,"column":32},"end":{"line":127,"column":44}},"32":{"start":{"line":130,"column":36},"end":{"line":135,"column":3}},"33":{"start":{"line":131,"column":4},"end":{"line":134,"column":7}},"34":{"start":{"line":137,"column":34},"end":{"line":142,"column":3}},"35":{"start":{"line":138,"column":4},"end":{"line":141,"column":7}},"36":{"start":{"line":144,"column":30},"end":{"line":151,"column":3}},"37":{"start":{"line":145,"column":4},"end":{"line":150,"column":5}},"38":{"start":{"line":147,"column":6},"end":{"line":147,"column":66}},"39":{"start":{"line":149,"column":6},"end":{"line":149,"column":29}},"40":{"start":{"line":153,"column":29},"end":{"line":155,"column":3}},"41":{"start":{"line":154,"column":4},"end":{"line":154,"column":35}},"42":{"start":{"line":157,"column":31},"end":{"line":161,"column":3}},"43":{"start":{"line":158,"column":4},"end":{"line":160,"column":5}},"44":{"start":{"line":159,"column":6},"end":{"line":159,"column":28}},"45":{"start":{"line":163,"column":32},"end":{"line":167,"column":3}},"46":{"start":{"line":165,"column":4},"end":{"line":165,"column":45}},"47":{"start":{"line":166,"column":4},"end":{"line":166,"column":64}},"48":{"start":{"line":170,"column":21},"end":{"line":173,"column":3}},"49":{"start":{"line":171,"column":20},"end":{"line":171,"column":72}},"50":{"start":{"line":172,"column":4},"end":{"line":172,"column":69}},"51":{"start":{"line":176,"column":21},"end":{"line":179,"column":3}},"52":{"start":{"line":177,"column":20},"end":{"line":177,"column":72}},"53":{"start":{"line":178,"column":4},"end":{"line":178,"column":69}},"54":{"start":{"line":181,"column":16},"end":{"line":181,"column":94}},"55":{"start":{"line":183,"column":2},"end":{"line":191,"column":3}},"56":{"start":{"line":184,"column":4},"end":{"line":190,"column":6}},"57":{"start":{"line":193,"column":2},"end":{"line":208,"column":3}},"58":{"start":{"line":194,"column":4},"end":{"line":207,"column":6}},"59":{"start":{"line":210,"column":2},"end":{"line":225,"column":3}},"60":{"start":{"line":211,"column":4},"end":{"line":224,"column":6}},"61":{"start":{"line":227,"column":2},"end":{"line":610,"column":4}},"62":{"start":{"line":264,"column":12},"end":{"line":266,"column":19}}},"fnMap":{"0":{"name":"(anonymous_0)","decl":{"start":{"line":31,"column":34},"end":{"line":31,"column":35}},"loc":{"start":{"line":31,"column":50},"end":{"line":36,"column":1}},"line":31},"1":{"name":"(anonymous_1)","decl":{"start":{"line":38,"column":26},"end":{"line":38,"column":27}},"loc":{"start":{"line":38,"column":32},"end":{"line":611,"column":1}},"line":38},"2":{"name":"(anonymous_2)","decl":{"start":{"line":66,"column":12},"end":{"line":66,"column":13}},"loc":{"start":{"line":66,"column":18},"end":{"line":110,"column":3}},"line":66},"3":{"name":"(anonymous_3)","decl":{"start":{"line":78,"column":15},"end":{"line":78,"column":16}},"loc":{"start":{"line":78,"column":21},"end":{"line":109,"column":5}},"line":78},"4":{"name":"(anonymous_4)","decl":{"start":{"line":112,"column":21},"end":{"line":112,"column":22}},"loc":{"start":{"line":112,"column":27},"end":{"line":119,"column":3}},"line":112},"5":{"name":"(anonymous_5)","decl":{"start":{"line":117,"column":20},"end":{"line":117,"column":21}},"loc":{"start":{"line":117,"column":34},"end":{"line":117,"column":46}},"line":117},"6":{"name":"(anonymous_6)","decl":{"start":{"line":121,"column":36},"end":{"line":121,"column":37}},"loc":{"start":{"line":121,"column":42},"end":{"line":124,"column":3}},"line":121},"7":{"name":"(anonymous_7)","decl":{"start":{"line":126,"column":21},"end":{"line":126,"column":22}},"loc":{"start":{"line":126,"column":27},"end":{"line":128,"column":3}},"line":126},"8":{"name":"(anonymous_8)","decl":{"start":{"line":127,"column":18},"end":{"line":127,"column":19}},"loc":{"start":{"line":127,"column":32},"end":{"line":127,"column":44}},"line":127},"9":{"name":"(anonymous_9)","decl":{"start":{"line":130,"column":36},"end":{"line":130,"column":37}},"loc":{"start":{"line":130,"column":43},"end":{"line":135,"column":3}},"line":130},"10":{"name":"(anonymous_10)","decl":{"start":{"line":137,"column":34},"end":{"line":137,"column":35}},"loc":{"start":{"line":137,"column":41},"end":{"line":142,"column":3}},"line":137},"11":{"name":"(anonymous_11)","decl":{"start":{"line":144,"column":30},"end":{"line":144,"column":31}},"loc":{"start":{"line":144,"column":36},"end":{"line":151,"column":3}},"line":144},"12":{"name":"(anonymous_12)","decl":{"start":{"line":153,"column":29},"end":{"line":153,"column":30}},"loc":{"start":{"line":153,"column":36},"end":{"line":155,"column":3}},"line":153},"13":{"name":"(anonymous_13)","decl":{"start":{"line":157,"column":31},"end":{"line":157,"column":32}},"loc":{"start":{"line":157,"column":38},"end":{"line":161,"column":3}},"line":157},"14":{"name":"(anonymous_14)","decl":{"start":{"line":163,"column":32},"end":{"line":163,"column":33}},"loc":{"start":{"line":163,"column":38},"end":{"line":167,"column":3}},"line":163},"15":{"name":"(anonymous_15)","decl":{"start":{"line":170,"column":21},"end":{"line":170,"column":22}},"loc":{"start":{"line":170,"column":37},"end":{"line":173,"column":3}},"line":170},"16":{"name":"(anonymous_16)","decl":{"start":{"line":176,"column":21},"end":{"line":176,"column":22}},"loc":{"start":{"line":176,"column":37},"end":{"line":179,"column":3}},"line":176},"17":{"name":"(anonymous_17)","decl":{"start":{"line":263,"column":21},"end":{"line":263,"column":22}},"loc":{"start":{"line":264,"column":12},"end":{"line":266,"column":19}},"line":264}},"branchMap":{"0":{"loc":{"start":{"line":69,"column":4},"end":{"line":72,"column":5}},"type":"if","locations":[{"start":{"line":69,"column":4},"end":{"line":72,"column":5}},{"start":{},"end":{}}],"line":69},"1":{"loc":{"start":{"line":80,"column":12},"end":{"line":80,"column":31}},"type":"binary-expr","locations":[{"start":{"line":80,"column":12},"end":{"line":80,"column":20}},{"start":{"line":80,"column":24},"end":{"line":80,"column":31}}],"line":80},"2":{"loc":{"start":{"line":113,"column":4},"end":{"line":118,"column":5}},"type":"if","locations":[{"start":{"line":113,"column":4},"end":{"line":118,"column":5}},{"start":{"line":116,"column":11},"end":{"line":118,"column":5}}],"line":113},"3":{"loc":{"start":{"line":145,"column":4},"end":{"line":150,"column":5}},"type":"if","locations":[{"start":{"line":145,"column":4},"end":{"line":150,"column":5}},{"start":{"line":148,"column":11},"end":{"line":150,"column":5}}],"line":145},"4":{"loc":{"start":{"line":158,"column":4},"end":{"line":160,"column":5}},"type":"if","locations":[{"start":{"line":158,"column":4},"end":{"line":160,"column":5}},{"start":{},"end":{}}],"line":158},"5":{"loc":{"start":{"line":183,"column":2},"end":{"line":191,"column":3}},"type":"if","locations":[{"start":{"line":183,"column":2},"end":{"line":191,"column":3}},{"start":{},"end":{}}],"line":183},"6":{"loc":{"start":{"line":193,"column":2},"end":{"line":208,"column":3}},"type":"if","locations":[{"start":{"line":193,"column":2},"end":{"line":208,"column":3}},{"start":{},"end":{}}],"line":193},"7":{"loc":{"start":{"line":210,"column":2},"end":{"line":225,"column":3}},"type":"if","locations":[{"start":{"line":210,"column":2},"end":{"line":225,"column":3}},{"start":{},"end":{}}],"line":210},"8":{"loc":{"start":{"line":270,"column":9},"end":{"line":354,"column":9}},"type":"binary-expr","locations":[{"start":{"line":270,"column":9},"end":{"line":270,"column":25}},{"start":{"line":271,"column":10},"end":{"line":353,"column":24}}],"line":270},"9":{"loc":{"start":{"line":348,"column":13},"end":{"line":352,"column":13}},"type":"binary-expr","locations":[{"start":{"line":348,"column":13},"end":{"line":348,"column":46}},{"start":{"line":349,"column":14},"end":{"line":351,"column":22}}],"line":348},"10":{"loc":{"start":{"line":356,"column":9},"end":{"line":445,"column":9}},"type":"binary-expr","locations":[{"start":{"line":356,"column":9},"end":{"line":356,"column":25}},{"start":{"line":357,"column":10},"end":{"line":444,"column":24}}],"line":356},"11":{"loc":{"start":{"line":447,"column":9},"end":{"line":516,"column":9}},"type":"binary-expr","locations":[{"start":{"line":447,"column":9},"end":{"line":447,"column":25}},{"start":{"line":448,"column":10},"end":{"line":515,"column":24}}],"line":447},"12":{"loc":{"start":{"line":518,"column":9},"end":{"line":592,"column":9}},"type":"binary-expr","locations":[{"start":{"line":518,"column":9},"end":{"line":518,"column":25}},{"start":{"line":519,"column":10},"end":{"line":591,"column":24}}],"line":518},"13":{"loc":{"start":{"line":599,"column":13},"end":{"line":599,"column":65}},"type":"cond-expr","locations":[{"start":{"line":599,"column":32},"end":{"line":599,"column":56}},{"start":{"line":599,"column":59},"end":{"line":599,"column":65}}],"line":599},"14":{"loc":{"start":{"line":603,"column":21},"end":{"line":603,"column":89}},"type":"cond-expr","locations":[{"start":{"line":603,"column":55},"end":{"line":603,"column":76}},{"start":{"line":603,"column":79},"end":{"line":603,"column":89}}],"line":603},"15":{"loc":{"start":{"line":605,"column":13},"end":{"line":605,"column":74}},"type":"cond-expr","locations":[{"start":{"line":605,"column":47},"end":{"line":605,"column":65}},{"start":{"line":605,"column":68},"end":{"line":605,"column":74}}],"line":605}},"s":{"0":1,"1":0,"2":1,"3":0,"4":0,"5":0,"6":0,"7":0,"8":0,"9":0,"10":0,"11":0,"12":0,"13":0,"14":0,"15":0,"16":0,"17":0,"18":0,"19":0,"20":0,"21":0,"22":0,"23":0,"24":0,"25":0,"26":0,"27":0,"28":0,"29":0,"30":0,"31":0,"32":0,"33":0,"34":0,"35":0,"36":0,"37":0,"38":0,"39":0,"40":0,"41":0,"42":0,"43":0,"44":0,"45":0,"46":0,"47":0,"48":0,"49":0,"50":0,"51":0,"52":0,"53":0,"54":0,"55":0,"56":0,"57":0,"58":0,"59":0,"60":0,"61":0,"62":0},"f":{"0":0,"1":0,"2":0,"3":0,"4":0,"5":0,"6":0,"7":0,"8":0,"9":0,"10":0,"11":0,"12":0,"13":0,"14":0,"15":0,"16":0,"17":0},"b":{"0":[0,0],"1":[0,0],"2":[0,0],"3":[0,0],"4":[0,0],"5":[0,0],"6":[0,0],"7":[0,0],"8":[0,0],"9":[0,0],"10":[0,0],"11":[0,0],"12":[0,0],"13":[0,0],"14":[0,0],"15":[0,0]},"_coverageSchema":"1a1c01bbd47fc00a2c39e90264f33305004495a9","hash":"5b38f1b69525738cea040b9bfa841c76219ddb2e"}
}
