TN:
SF:src/pages/FlightDetailsPage.jsx
FN:31,(anonymous_0)
FN:38,(anonymous_1)
FN:66,(anonymous_2)
FN:78,(anonymous_3)
FN:112,(anonymous_4)
FN:117,(anonymous_5)
FN:121,(anonymous_6)
FN:126,(anonymous_7)
FN:127,(anonymous_8)
FN:130,(anonymous_9)
FN:137,(anonymous_10)
FN:144,(anonymous_11)
FN:153,(anonymous_12)
FN:157,(anonymous_13)
FN:163,(anonymous_14)
FN:170,(anonymous_15)
FN:176,(anonymous_16)
FN:263,(anonymous_17)
FNF:18
FNH:0
FNDA:0,(anonymous_0)
FNDA:0,(anonymous_1)
FNDA:0,(anonymous_2)
FNDA:0,(anonymous_3)
FNDA:0,(anonymous_4)
FNDA:0,(anonymous_5)
FNDA:0,(anonymous_6)
FNDA:0,(anonymous_7)
FNDA:0,(anonymous_8)
FNDA:0,(anonymous_9)
FNDA:0,(anonymous_10)
FNDA:0,(anonymous_11)
FNDA:0,(anonymous_12)
FNDA:0,(anonymous_13)
FNDA:0,(anonymous_14)
FNDA:0,(anonymous_15)
FNDA:0,(anonymous_16)
FNDA:0,(anonymous_17)
DA:31,1
DA:38,1
DA:39,0
DA:40,0
DA:41,0
DA:42,0
DA:43,0
DA:44,0
DA:45,0
DA:48,0
DA:59,0
DA:66,0
DA:68,0
DA:69,0
DA:70,0
DA:71,0
DA:75,0
DA:78,0
DA:79,0
DA:107,0
DA:108,0
DA:112,0
DA:113,0
DA:115,0
DA:117,0
DA:121,0
DA:123,0
DA:126,0
DA:127,0
DA:130,0
DA:131,0
DA:137,0
DA:138,0
DA:144,0
DA:145,0
DA:147,0
DA:149,0
DA:153,0
DA:154,0
DA:157,0
DA:158,0
DA:159,0
DA:163,0
DA:165,0
DA:166,0
DA:170,0
DA:171,0
DA:172,0
DA:176,0
DA:177,0
DA:178,0
DA:181,0
DA:183,0
DA:184,0
DA:193,0
DA:194,0
DA:210,0
DA:211,0
DA:227,0
DA:264,0
LF:60
LH:2
BRDA:69,0,0,0
BRDA:69,0,1,0
BRDA:80,1,0,0
BRDA:80,1,1,0
BRDA:113,2,0,0
BRDA:113,2,1,0
BRDA:145,3,0,0
BRDA:145,3,1,0
BRDA:158,4,0,0
BRDA:158,4,1,0
BRDA:183,5,0,0
BRDA:183,5,1,0
BRDA:193,6,0,0
BRDA:193,6,1,0
BRDA:210,7,0,0
BRDA:210,7,1,0
BRDA:270,8,0,0
BRDA:270,8,1,0
BRDA:348,9,0,0
BRDA:348,9,1,0
BRDA:356,10,0,0
BRDA:356,10,1,0
BRDA:447,11,0,0
BRDA:447,11,1,0
BRDA:518,12,0,0
BRDA:518,12,1,0
BRDA:599,13,0,0
BRDA:599,13,1,0
BRDA:603,14,0,0
BRDA:603,14,1,0
BRDA:605,15,0,0
BRDA:605,15,1,0
BRF:32
BRH:0
end_of_record
